<?xml version="1.0" encoding="UTF-8"?>
<!-- Generated by org.testng.reporters.JUnitReportReporter -->
<testsuite skipped="0" hostname="ASUS-ROG" name="Demo.Testdataproviderexample" tests="2" failures="0" timestamp="2019-12-18T19:17:08 IST" time="116.290" errors="0">
  <testcase name="testlogin" time="57.916" classname="Demo.Testdataproviderexample"/>
  <testcase name="testlogin" time="58.374" classname="Demo.Testdataproviderexample"/>
</testsuite> <!-- Demo.Testdataproviderexample -->
