<?xml version="1.0" encoding="UTF-8"?>
<!-- Generated by org.testng.reporters.JUnitReportReporter -->
<testsuite skipped="0" hostname="ASUS-ROG" name="Demo.SeleniumGrid" tests="2" failures="0" timestamp="2019-12-23T18:20:46 IST" time="13.308" errors="0">
  <testcase name="testGrid" time="5.586" classname="Demo.SeleniumGrid"/>
  <testcase name="testGrid" time="7.722" classname="Demo.SeleniumGrid"/>
</testsuite> <!-- Demo.SeleniumGrid -->
