<?xml version="1.0" encoding="UTF-8"?>
<!-- Generated by org.testng.reporters.JUnitReportReporter -->
<testsuite skipped="0" hostname="ASUS-ROG" name="Demo.Testngdependsonexample" tests="4" failures="0" timestamp="2019-12-17T18:48:43 IST" time="0.011" errors="0">
  <testcase name="login" time="0.001" classname="Demo.Testngdependsonexample"/>
  <testcase name="task" time="0.001" classname="Demo.Testngdependsonexample"/>
  <testcase name="signup" time="0.008" classname="Demo.Testngdependsonexample"/>
  <testcase name="logout" time="0.001" classname="Demo.Testngdependsonexample"/>
</testsuite> <!-- Demo.Testngdependsonexample -->
