<?xml version="1.0" encoding="UTF-8"?>
<!-- Generated by org.testng.reporters.JUnitReportReporter -->
<testsuite skipped="0" hostname="ASUS-ROG" name="Demo.TestTestNGDemo" tests="2" failures="0" timestamp="2019-12-13T18:00:28 IST" time="27.579" errors="0">
  <testcase name="test1" time="13.703" classname="Demo.TestTestNGDemo"/>
  <testcase name="test2" time="13.876" classname="Demo.TestTestNGDemo"/>
</testsuite> <!-- Demo.TestTestNGDemo -->
