<?xml version="1.0" encoding="UTF-8"?>
<!-- Generated by org.testng.reporters.JUnitReportReporter -->
<testsuite skipped="0" hostname="ASUS-ROG" name="Demo.TestGroupsexample" tests="2" failures="0" timestamp="2019-12-18T19:58:12 IST" time="0.009" errors="0">
  <testcase name="testA" time="0.008" classname="Demo.TestGroupsexample"/>
  <testcase name="testB" time="0.001" classname="Demo.TestGroupsexample"/>
</testsuite> <!-- Demo.TestGroupsexample -->
