<?xml version="1.0" encoding="UTF-8"?>
<!-- Generated by org.testng.reporters.JUnitReportReporter -->
<testsuite skipped="0" hostname="ASUS-ROG" name="Demo.Testngannotationexamples" tests="3" failures="0" timestamp="2019-12-17T19:22:45 IST" time="0.013" errors="0">
  <testcase name="testMethod2" time="0.006" classname="Demo.Testngannotationexamples"/>
  <testcase name="testMethod3" time="0.001" classname="Demo.Testngannotationexamples"/>
  <testcase name="testMethod1" time="0.006" classname="Demo.Testngannotationexamples"/>
</testsuite> <!-- Demo.Testngannotationexamples -->
