<?xml version="1.0" encoding="UTF-8"?>
<!-- Generated by org.testng.reporters.JUnitReportReporter -->
<testsuite name="com.ebankingexample.TestCases.TC_Test_Login_001" tests="1" time="2.266" ignored="0" failures="0" timestamp="27 Dec 2019 07:18:33 GMT" skipped="0" hostname="ASUS-ROG" errors="0">
  <testcase name="loginTest" time="2.266" classname="com.ebankingexample.TestCases.TC_Test_Login_001"/>
</testsuite> <!-- com.ebankingexample.TestCases.TC_Test_Login_001 -->
