<?xml version="1.0" encoding="UTF-8"?>
<!-- Generated by org.testng.reporters.JUnitReportReporter -->
<testsuite name="com.ebankingexample.TestCases.TC_Test_Add_Customer_003" tests="1" time="17.621" ignored="0" failures="0" timestamp="26 Dec 2019 13:00:05 GMT" skipped="0" hostname="ASUS-ROG" errors="0">
  <testcase name="addNewCustomer" time="17.621" classname="com.ebankingexample.TestCases.TC_Test_Add_Customer_003"/>
</testsuite> <!-- com.ebankingexample.TestCases.TC_Test_Add_Customer_003 -->
