<?xml version="1.0" encoding="UTF-8"?>
<!-- Generated by org.testng.reporters.JUnitReportReporter -->
<testsuite skipped="0" hostname="ASUS-ROG" name="Demo.TestTestNGDemo" tests="2" failures="0" timestamp="2019-12-13T14:02:52 IST" time="30.640" errors="0">
  <testcase name="test2" time="20.747" classname="Demo.TestTestNGDemo"/>
  <testcase name="test1" time="9.893" classname="Demo.TestTestNGDemo"/>
</testsuite> <!-- Demo.TestTestNGDemo -->
