<?xml version="1.0" encoding="UTF-8"?>
<!-- Generated by org.testng.reporters.JUnitReportReporter -->
<testsuite skipped="0" hostname="ASUS-ROG" name="Demo.ParallelTest" tests="2" failures="0" timestamp="2019-12-16T18:37:14 IST" time="71.357" errors="0">
  <testcase name="testgooglesearch" time="30.401" classname="Demo.ParallelTest"/>
  <testcase name="testgooglesearch" time="40.956" classname="Demo.ParallelTest"/>
</testsuite> <!-- Demo.ParallelTest -->
