<?xml version="1.0" encoding="UTF-8"?>
<!-- Generated by org.testng.reporters.JUnitXMLReporter -->
<testsuite hostname="ASUS-ROG" ignored="0" name="Test-1 Chrome" tests="1" failures="0" timestamp="2019-12-16T18:37:01 IST" time="33.229" errors="0">
  <testcase name="testgooglesearch" time="30.401" classname="Demo.ParallelTest"/>
</testsuite> <!-- Test-1 Chrome -->
