<?xml version="1.0" encoding="UTF-8"?>
<!-- Generated by org.testng.reporters.JUnitXMLReporter -->
<testsuite hostname="ASUS-ROG" ignored="0" name="Test-1 Firefox" tests="1" failures="0" timestamp="2019-12-16T18:37:14 IST" time="45.964" errors="0">
  <testcase name="testgooglesearch" time="40.956" classname="Demo.ParallelTest"/>
</testsuite> <!-- Test-1 Firefox -->
