<?xml version="1.0" encoding="UTF-8"?>
<!-- Generated by org.testng.reporters.JUnitReportReporter -->
<testsuite name="com.ebankingexample.TestCases.TC_Test_Login_001" tests="1" time="4.125" ignored="0" failures="0" timestamp="27 Dec 2019 14:29:48 GMT" skipped="0" hostname="ASUS-ROG" errors="0">
  <testcase name="loginTest" time="4.125" classname="com.ebankingexample.TestCases.TC_Test_Login_001"/>
</testsuite> <!-- com.ebankingexample.TestCases.TC_Test_Login_001 -->
