<?xml version="1.0" encoding="UTF-8"?>
<!-- Generated by org.testng.reporters.JUnitXMLReporter -->
<testsuite hostname="ASUS-ROG" ignored="0" name="Test-1 Chrome" tests="1" failures="0" timestamp="2019-12-18T19:06:22 IST" time="2.192" errors="0">
  <testcase name="testgooglesearch" time="0.001" classname="Demo.ParallelTest">
    <skipped/>
  </testcase> <!-- testgooglesearch -->
</testsuite> <!-- Test-1 Chrome -->
