<?xml version="1.0" encoding="UTF-8"?>
<!-- Generated by org.testng.reporters.JUnitReportReporter -->
<testsuite skipped="0" hostname="ASUS-ROG" name="com.actitime.test.TestValidLogin" tests="1" failures="0" timestamp="2019-12-26T00:07:22 IST" time="29.659" errors="0">
  <testcase name="verifyValidLogin" time="29.659" classname="com.actitime.test.TestValidLogin"/>
</testsuite> <!-- com.actitime.test.TestValidLogin -->
